#------------------------------------------------------------------------------
# irace: An implementation in R of (Elitist) Iterated Racing
# Version: 3.4.1.9fcaeaf
# Copyright (C) 2010-2020
# Manuel Lopez-Ibanez     <manuel.lopez-ibanez@manchester.ac.uk>
# Jeremie Dubois-Lacoste  
# Leslie Perez Caceres    <leslie.perez.caceres@ulb.ac.be>
#
# This is free software, and you are welcome to redistribute it under certain
# conditions.  See the GNU General Public License for details. There is NO
# WARRANTY; not even for MERCHANTABILITY or FITNESS FOR A PARTICULAR PURPOSE.
#
# irace builds upon previous code from the race package:
#     race: Racing methods for the selection of the best
#     Copyright (C) 2003 Mauro Birattari
#------------------------------------------------------------------------------
# installed at: /home/manolo/R/x86_64-pc-linux-gnu-library/3.4/irace
# called with: 
Warning: A default scenario file './scenario.txt' has been found and will be read
# 1 expression(s) specifying forbidden configurations read from '/home/manolo/irace-configuration/irace/forbidden.txt'
# 2020-06-02 21:21:26 UTC: Initialization
# Elitist race
# Elitist new instances: 1
# Elitist limit: 2
# nbIterations: 1
# minNbSurvival: 4
# nbParameters: 4
# seed: 841245453
# confidence level: 0.95
# budget: 50
# mu: 5
# deterministic: FALSE

# 2020-06-02 21:21:26 UTC: Iteration 1 of 1
# experimentsUsedSoFar: 0
# remainingBudget: 50
# currentBudget: 50
# nbConfigurations: 8
# Markers:
     x No test is performed.
     c Configurations are discarded only due to capping.
     - The test is performed and some configurations are discarded.
     = The test is performed but no configuration is discarded.
     ! The test is performed and configurations could be discarded but elite configurations are preserved.
     . All alive configurations are elite and nothing is discarded

+-+-----------+-----------+-----------+---------------+-----------+--------+-----+----+------+
| |   Instance|      Alive|       Best|      Mean best| Exp so far|  W time|  rho|KenW|  Qvar|
+-+-----------+-----------+-----------+---------------+-----------+--------+-----+----+------+
|x|          1|          8|          1|   -63.18644068|          8|00:00:51|   NA|  NA|    NA|
|x|          2|          8|          1|   -63.35593220|         16|00:00:49|+0.39|0.70|0.6552|
|x|          3|          8|          1|   -63.30131827|         24|00:00:52|+0.08|0.38|0.7576|
|x|          4|          8|          1|   -63.27683616|         32|00:00:49|+0.14|0.36|0.7402|
|=|          5|          8|          1|   -62.92203390|         40|00:00:43|+0.04|0.23|0.8468|
|=|          6|          8|          1|   -62.74293785|         48|00:00:49|+0.05|0.21|0.8784|
+-+-----------+-----------+-----------+---------------+-----------+--------+-----+----+------+
Best-so-far configuration:           1    mean value:    -62.74293785
Description of the best-so-far configuration:
  .ID. population generations crossover factor .PARENT.
1    1         50          48    0.0778 1.1948       NA

# 2020-06-02 21:26:21 UTC: Elite configurations (first number is the configuration ID; listed from best to worst according to the sum of ranks):
  population generations crossover factor
1         50          48    0.0778 1.1948
7         32          88    0.0998 1.6417
3         18          18    0.1956 1.5302
2         12          11    0.3356 1.6721
# Best configurations (first number is the configuration ID; listed from best to worst according to the sum of ranks):
  population generations crossover factor
1         50          48    0.0778 1.1948
7         32          88    0.0998 1.6417
3         18          18    0.1956 1.5302
2         12          11    0.3356 1.6721
# Best configurations as commandlines (first number is the configuration ID; same order as above):
1  --np=50 --max_gen=48 --cr=0.0778 --f=1.1948
7  --np=32 --max_gen=88 --cr=0.0998 --f=1.6417
3  --np=18 --max_gen=18 --cr=0.1956 --f=1.5302
2  --np=12 --max_gen=11 --cr=0.3356 --f=1.6721