#------------------------------------------------------------------------------
# irace: An implementation in R of (Elitist) Iterated Racing
# Version: 3.4.1.9fcaeaf
# Copyright (C) 2010-2020
# Manuel Lopez-Ibanez     <manuel.lopez-ibanez@manchester.ac.uk>
# Jeremie Dubois-Lacoste  
# Leslie Perez Caceres    <leslie.perez.caceres@ulb.ac.be>
#
# This is free software, and you are welcome to redistribute it under certain
# conditions.  See the GNU General Public License for details. There is NO
# WARRANTY; not even for MERCHANTABILITY or FITNESS FOR A PARTICULAR PURPOSE.
#
# irace builds upon previous code from the race package:
#     race: Racing methods for the selection of the best
#     Copyright (C) 2003 Mauro Birattari
#------------------------------------------------------------------------------
# installed at: /home/manolo/R/x86_64-pc-linux-gnu-library/3.6/irace
# called with: 
Warning: A default scenario file './scenario.txt' has been found and will be read
# 1 expression(s) specifying forbidden configurations read from '/home/manolo/Desktop/GitHub/irace-configuration/irace/forbidden.txt'
# 2020-05-31 18:37:16 CDT: Initialization
# Elitist race
# Elitist new instances: 1
# Elitist limit: 2
# nbIterations: 1
# minNbSurvival: 4
# nbParameters: 4
# seed: 1403183528
# confidence level: 0.95
# budget: 50
# mu: 5
# deterministic: FALSE

# 2020-05-31 18:37:16 CDT: Iteration 1 of 1
# experimentsUsedSoFar: 0
# remainingBudget: 50
# currentBudget: 50
# nbConfigurations: 8
# Markers:
     x No test is performed.
     c Configurations are discarded only due to capping.
     - The test is performed and some configurations are discarded.
     = The test is performed but no configuration is discarded.
     ! The test is performed and configurations could be discarded but elite configurations are preserved.
     . All alive configurations are elite and nothing is discarded

+-+-----------+-----------+-----------+---------------+-----------+--------+-----+----+------+
| |   Instance|      Alive|       Best|      Mean best| Exp so far|  W time|  rho|KenW|  Qvar|
+-+-----------+-----------+-----------+---------------+-----------+--------+-----+----+------+
|x|          1|          8|          3|   -63.52542373|          8|00:46:14|   NA|  NA|    NA|
|x|          2|          8|          3|   -63.52542373|         16|00:46:53|+0.81|0.90|0.1492|
|x|          3|          8|          3|   -63.52542373|         24|00:44:57|+0.72|0.81|0.1672|
|x|          4|          8|          3|   -63.52542373|         32|00:46:21|+0.53|0.64|0.3451|
|-|          5|          2|          3|   -63.52542373|         40|00:44:53|+0.25|0.40|0.1500|
+-+-----------+-----------+-----------+---------------+-----------+--------+-----+----+------+
Best-so-far configuration:           3    mean value:    -63.52542373
Description of the best-so-far configuration:
  .ID. population generations crossover factor .PARENT.
3    3         40          81     0.949 0.7878       NA

# 2020-05-31 22:26:36 CDT: Elite configurations (first number is the configuration ID; listed from best to worst according to the sum of ranks):
  population generations crossover factor
3         40          81    0.9490 0.7878
6         46          12    0.9592 0.2282
# Best configurations (first number is the configuration ID; listed from best to worst according to the sum of ranks):
  population generations crossover factor
3         40          81    0.9490 0.7878
6         46          12    0.9592 0.2282
# Best configurations as command lines (first number is the configuration ID; same order as above):
3  --np=40 --max_gen=81 --cr=0.949 --f=0.7878
6  --np=46 --max_gen=12 --cr=0.9592 --f=0.2282