#------------------------------------------------------------------------------
# irace: An implementation in R of (Elitist) Iterated Racing
# Version: 3.4.1.9fcaeaf
# Copyright (C) 2010-2020
# Manuel Lopez-Ibanez     <manuel.lopez-ibanez@manchester.ac.uk>
# Jeremie Dubois-Lacoste  
# Leslie Perez Caceres    <leslie.perez.caceres@ulb.ac.be>
#
# This is free software, and you are welcome to redistribute it under certain
# conditions.  See the GNU General Public License for details. There is NO
# WARRANTY; not even for MERCHANTABILITY or FITNESS FOR A PARTICULAR PURPOSE.
#
# irace builds upon previous code from the race package:
#     race: Racing methods for the selection of the best
#     Copyright (C) 2003 Mauro Birattari
#------------------------------------------------------------------------------
# installed at: /usr/local/lib/R/3.6/site-library/irace
# called with: 
Warning: A default scenario file './scenario.txt' has been found and will be read
# 1 expression(s) specifying forbidden configurations read from '/Users/adara/Desktop/Quality-Attributes/irace-configuration/irace/forbidden.txt'
# 2020-06-02 16:40:09 CDT: Initialization
# Elitist race
# Elitist new instances: 1
# Elitist limit: 2
# nbIterations: 1
# minNbSurvival: 4
# nbParameters: 4
# seed: 906336355
# confidence level: 0.95
# budget: 50
# mu: 5
# deterministic: FALSE

# 2020-06-02 16:40:09 CDT: Iteration 1 of 1
# experimentsUsedSoFar: 0
# remainingBudget: 50
# currentBudget: 50
# nbConfigurations: 8
# Markers:
     x No test is performed.
     c Configurations are discarded only due to capping.
     - The test is performed and some configurations are discarded.
     = The test is performed but no configuration is discarded.
     ! The test is performed and configurations could be discarded but elite configurations are preserved.
     . All alive configurations are elite and nothing is discarded

+-+-----------+-----------+-----------+---------------+-----------+--------+-----+----+------+
| |   Instance|      Alive|       Best|      Mean best| Exp so far|  W time|  rho|KenW|  Qvar|
+-+-----------+-----------+-----------+---------------+-----------+--------+-----+----+------+
|x|          1|          8|          2|   -58.12429379|          8|00:07:39|   NA|  NA|    NA|
|x|          2|          8|          2|   -58.28813559|         16|00:07:07|+0.81|0.90|0.2449|
|x|          3|          8|          2|   -58.22598870|         24|00:06:59|+0.76|0.84|0.1995|
|x|          4|          8|          2|   -58.02824859|         32|00:07:03|+0.80|0.85|0.1602|
|-|          5|          2|          2|   -58.04180791|         40|00:07:01|+0.20|0.36|0.4000|
+-+-----------+-----------+-----------+---------------+-----------+--------+-----+----+------+
Best-so-far configuration:           2    mean value:    -58.04180791
Description of the best-so-far configuration:
  .ID. population generations crossover factor .PARENT.
2    2         28          97    0.6056 1.0345       NA

# 2020-06-02 17:16:00 CDT: Elite configurations (first number is the configuration ID; listed from best to worst according to the sum of ranks):
  population generations crossover factor
2         28          97    0.6056 1.0345
7         34          78    0.1657 0.7599
# Best configurations (first number is the configuration ID; listed from best to worst according to the sum of ranks):
  population generations crossover factor
2         28          97    0.6056 1.0345
7         34          78    0.1657 0.7599
# Best configurations as commandlines (first number is the configuration ID; same order as above):
2  --np=28 --max_gen=97 --cr=0.6056 --f=1.0345
7  --np=34 --max_gen=78 --cr=0.1657 --f=0.7599
adara@MacBook-Pro-de-Manolo irace % 
