#------------------------------------------------------------------------------
# irace: An implementation in R of (Elitist) Iterated Racing
# Version: 3.4.1.9fcaeaf
# Copyright (C) 2010-2020
# Manuel Lopez-Ibanez     <manuel.lopez-ibanez@manchester.ac.uk>
# Jeremie Dubois-Lacoste  
# Leslie Perez Caceres    <leslie.perez.caceres@ulb.ac.be>
#
# This is free software, and you are welcome to redistribute it under certain
# conditions.  See the GNU General Public License for details. There is NO
# WARRANTY; not even for MERCHANTABILITY or FITNESS FOR A PARTICULAR PURPOSE.
#
# irace builds upon previous code from the race package:
#     race: Racing methods for the selection of the best
#     Copyright (C) 2003 Mauro Birattari
#------------------------------------------------------------------------------
# installed at: /usr/local/lib/R/3.6/site-library/irace
# called with: 
Warning: A default scenario file './scenario.txt' has been found and will be read
# 1 expression(s) specifying forbidden configurations read from '/Users/adara/Desktop/Quality-Attributes/irace-configuration/irace/forbidden.txt'
# 2020-10-05 10:15:17 CDT: Initialization
# Elitist race
# Elitist new instances: 1
# Elitist limit: 2
# nbIterations: 1
# minNbSurvival: 4
# nbParameters: 4
# seed: 901739850
# confidence level: 0.95
# budget: 50
# mu: 5
# deterministic: FALSE

# 2020-10-05 10:15:17 CDT: Iteration 1 of 1
# experimentsUsedSoFar: 0
# remainingBudget: 50
# currentBudget: 50
# nbConfigurations: 5
# Markers:
     x No test is performed.
     c Configurations are discarded only due to capping.
     - The test is performed and some configurations are discarded.
     = The test is performed but no configuration is discarded.
     ! The test is performed and configurations could be discarded but elite configurations are preserved.
     . All alive configurations are elite and nothing is discarded

+-+-----------+-----------+-----------+---------------+-----------+--------+-----+----+------+
| |   Instance|      Alive|       Best|      Mean best| Exp so far|  W time|  rho|KenW|  Qvar|
+-+-----------+-----------+-----------+---------------+-----------+--------+-----+----+------+
|x|          1|          5|          1|   -81.36254311|          5|00:24:42|   NA|  NA|    NA|
|x|          2|          5|          1|   -81.36254311|         10|00:23:30|+0.00|0.50|0.4000|
|x|          3|          5|          1|   -81.36254311|         15|00:25:44|+0.00|0.33|0.2667|
|x|          4|          5|          1|   -81.36254311|         20|00:26:01|+0.33|0.50|0.2667|
|=|          5|          5|          1|   -81.36254311|         25|00:24:15|+0.25|0.40|0.2400|
|-|          6|          4|          1|   -81.36254311|         30|00:26:24|+1.00|1.00|0.0000|
+-+-----------+-----------+-----------+---------------+-----------+--------+-----+----+------+
Best-so-far configuration:           1    mean value:    -81.36254311
Description of the best-so-far configuration:
  .ID. population generations crossover factor .PARENT.
1    1         40          11    0.1564 1.7257       NA

# 2020-10-05 12:45:56 CDT: Elite configurations (first number is the configuration ID; listed from best to worst according to the sum of ranks):
  population generations crossover factor
1         40          11    0.1564 1.7257
3         18          58    0.0874 1.3006
4         46          47    0.4569 0.1248
5          6          59    0.8162 1.1052
# Best configurations (first number is the configuration ID; listed from best to worst according to the sum of ranks):
  population generations crossover factor
1         40          11    0.1564 1.7257
3         18          58    0.0874 1.3006
4         46          47    0.4569 0.1248
5          6          59    0.8162 1.1052
# Best configurations as commandlines (first number is the configuration ID; same order as above):
1  --np=40 --max_gen=11 --cr=0.1564 --f=1.7257
3  --np=18 --max_gen=58 --cr=0.0874 --f=1.3006
4  --np=46 --max_gen=47 --cr=0.4569 --f=0.1248
5  --np=6 --max_gen=59 --cr=0.8162 --f=1.1052